Using pre-set license
Built from '2020.3/staging' branch; Version is '2020.3.26f1 (7298b473bc1a) revision 7510196'; Using compiler version '192528614'; Build Type 'Release'
OS: 'Windows 10  (10.0.19045) 64bit Education' Language: 'ja' Physical Memory: 7939 MB
BatchMode: 1, IsHumanControllingUs: 0, StartBugReporterOnCrash: 0, Is64bit: 1, IsPro: 0

COMMAND LINE ARGUMENTS:
C:\Program Files\Unity\Hub\Editor\2020.3.26f1\Editor\Unity.exe
-adb2
-batchMode
-noUpm
-name
AssetImportWorker0
-projectPath
C:/Users/2023133/Documents/Garbage_disposal_experience1.0
-logFile
Logs/AssetImportWorker0.log
-srvPort
63523
Successfully changed project path to: C:/Users/2023133/Documents/Garbage_disposal_experience1.0
C:/Users/2023133/Documents/Garbage_disposal_experience1.0
Using Asset Import Pipeline V2.
Refreshing native plugins compatible for Editor in 79.00 ms, found 3 plugins.
Preloading 0 native plugins for Editor in 0.00 ms.
Initialize engine version: 2020.3.26f1 (7298b473bc1a)
[Subsystems] Discovering subsystems at path C:/Program Files/Unity/Hub/Editor/2020.3.26f1/Editor/Data/Resources/UnitySubsystems
[Subsystems] Discovering subsystems at path C:/Users/2023133/Documents/Garbage_disposal_experience1.0/Assets
GfxDevice: creating device client; threaded=0
Direct3D:
    Version:  Direct3D 11.0 [level 11.1]
    Renderer: Intel(R) UHD Graphics 620 (ID=0x3ea0)
    Vendor:   
    VRAM:     3969 MB
    Driver:   30.0.100.9864
Initialize mono
Mono path[0] = 'C:/Program Files/Unity/Hub/Editor/2020.3.26f1/Editor/Data/Managed'
Mono path[1] = 'C:/Program Files/Unity/Hub/Editor/2020.3.26f1/Editor/Data/MonoBleedingEdge/lib/mono/unityjit'
Mono config path = 'C:/Program Files/Unity/Hub/Editor/2020.3.26f1/Editor/Data/MonoBleedingEdge/etc'
Using monoOptions --debugger-agent=transport=dt_socket,embedding=1,server=y,suspend=n,address=127.0.0.1:56348
Begin MonoManager ReloadAssembly
Registering precompiled unity dll's ...
Register platform support module: C:/Program Files/Unity/Hub/Editor/2020.3.26f1/Editor/Data/PlaybackEngines/WebGLSupport/UnityEditor.WebGL.Extensions.dll
Register platform support module: C:/Program Files/Unity/Hub/Editor/2020.3.26f1/Editor/Data/PlaybackEngines/WindowsStandaloneSupport/UnityEditor.WindowsStandalone.Extensions.dll
Registered in 0.003133 seconds.
Native extension for WindowsStandalone target not found
Native extension for WebGL target not found
Refreshing native plugins compatible for Editor in 67.53 ms, found 3 plugins.
Preloading 0 native plugins for Editor in 0.00 ms.
Mono: successfully reloaded assembly
- Completed reload, in  0.967 seconds
Domain Reload Profiling:
	ReloadAssembly (968ms)
		BeginReloadAssembly (78ms)
			ExecutionOrderSort (0ms)
			DisableScriptedObjects (0ms)
			BackupInstance (0ms)
			ReleaseScriptingObjects (0ms)
			CreateAndSetChildDomain (1ms)
		EndReloadAssembly (768ms)
			LoadAssemblies (75ms)
			RebuildTransferFunctionScriptingTraits (0ms)
			SetupTypeCache (218ms)
			ReleaseScriptCaches (0ms)
			RebuildScriptCaches (97ms)
			SetupLoadedEditorAssemblies (260ms)
				LogAssemblyErrors (0ms)
				InitializePlatformSupportModulesInManaged (7ms)
				SetLoadedEditorAssemblies (0ms)
				RefreshPlugins (68ms)
				BeforeProcessingInitializeOnLoad (24ms)
				ProcessInitializeOnLoadAttributes (117ms)
				ProcessInitializeOnLoadMethodAttributes (44ms)
				AfterProcessingInitializeOnLoad (0ms)
				EditorAssembliesLoaded (0ms)
			ExecutionOrderSort2 (0ms)
			AwakeInstancesAfterBackupRestoration (0ms)
Platform modules already initialized, skipping
Registering precompiled user dll's ...
Registered in 0.006678 seconds.
Begin MonoManager ReloadAssembly
Native extension for WindowsStandalone target not found
Native extension for WebGL target not found
Refreshing native plugins compatible for Editor in 58.10 ms, found 3 plugins.
Preloading 0 native plugins for Editor in 0.00 ms.
Mono: successfully reloaded assembly
- Completed reload, in  1.577 seconds
Domain Reload Profiling:
	ReloadAssembly (1578ms)
		BeginReloadAssembly (193ms)
			ExecutionOrderSort (0ms)
			DisableScriptedObjects (6ms)
			BackupInstance (0ms)
			ReleaseScriptingObjects (0ms)
			CreateAndSetChildDomain (27ms)
		EndReloadAssembly (1295ms)
			LoadAssemblies (107ms)
			RebuildTransferFunctionScriptingTraits (0ms)
			SetupTypeCache (458ms)
			ReleaseScriptCaches (1ms)
			RebuildScriptCaches (70ms)
			SetupLoadedEditorAssemblies (472ms)
				LogAssemblyErrors (0ms)
				InitializePlatformSupportModulesInManaged (6ms)
				SetLoadedEditorAssemblies (0ms)
				RefreshPlugins (58ms)
				BeforeProcessingInitializeOnLoad (109ms)
				ProcessInitializeOnLoadAttributes (271ms)
				ProcessInitializeOnLoadMethodAttributes (21ms)
				AfterProcessingInitializeOnLoad (7ms)
				EditorAssembliesLoaded (0ms)
			ExecutionOrderSort2 (0ms)
			AwakeInstancesAfterBackupRestoration (9ms)
Platform modules already initialized, skipping
========================================================================
Worker process is ready to serve import requests
Launched and connected shader compiler UnityShaderCompiler.exe after 0.05 seconds
Refreshing native plugins compatible for Editor in 0.92 ms, found 3 plugins.
Preloading 0 native plugins for Editor in 0.00 ms.
Unloading 2205 Unused Serialized files (Serialized files now loaded: 0)
System memory in use before: 96.2 MB.
System memory in use after: 96.3 MB.

Unloading 28 unused Assets to reduce memory usage. Loaded Objects now: 2640.
Total: 2.756100 ms (FindLiveObjects: 0.166100 ms CreateObjectMapping: 0.067500 ms MarkObjects: 2.440300 ms  DeleteObjects: 0.081200 ms)

AssetImportParameters requested are different than current active one (requested -> active):
  custom:framework-win-MediaFoundation: 216162199b28c13a410421893ffa2e32 -> 
  custom:video-decoder-ogg-theora: a1e56fd34408186e4bbccfd4996cb3dc -> 
  custom:container-muxer-webm: aa71ff27fc2769a1b78a27578f13a17b -> 
  custom:container-demuxer-webm: 4f35f7cbe854078d1ac9338744f61a02 -> 
  custom:container-demuxer-ogg: 62fdf1f143b41e24485cea50d1cbac27 -> 
  custom:video-encoder-webm-vp8: eb34c28f22e8b96e1ab97ce403110664 -> 
  custom:video-decoder-webm-vp8: 9c59270c3fd7afecdb556c50c9e8de78 -> 
  custom:audio-decoder-ogg-vorbis: bf7c407c2cedff20999df2af8eb42d56 -> 
  custom:audio-encoder-webm-vorbis: bf7c407c2cedff20999df2af8eb42d56 -> 
========================================================================
Received Import Request.
  path: Assets/Taki/My Image/cupmen1.png
  artifactKey: Guid(47000833f210fab48848c610bcbed58e) Importer(815301076,1909f56bfc062723c751e8b465ee728b)
Start importing Assets/Taki/My Image/cupmen1.png using Guid(47000833f210fab48848c610bcbed58e) Importer(815301076,1909f56bfc062723c751e8b465ee728b)  -> (artifact id: '33699473d0df815aed8e0563da2e907b') in 0.135999 seconds 
  Import took 0.141089 seconds .

========================================================================
Received Import Request.
  Time since last request: 0.000245 seconds.
  path: Assets/Taki/My Image/cupmen2.png
  artifactKey: Guid(276e48e80f786214aa91f0b1c01e0293) Importer(815301076,1909f56bfc062723c751e8b465ee728b)
Start importing Assets/Taki/My Image/cupmen2.png using Guid(276e48e80f786214aa91f0b1c01e0293) Importer(815301076,1909f56bfc062723c751e8b465ee728b)  -> (artifact id: 'c9e7ca5fdd9693e464a0b8a745bb9f40') in 0.022140 seconds 
  Import took 0.028334 seconds .

========================================================================
Received Import Request.
  Time since last request: 695.733942 seconds.
  path: Assets/Taki/Ramen
  artifactKey: Guid(0382261830b4b564c8a8f5bf6049ad7b) Importer(815301076,1909f56bfc062723c751e8b465ee728b)
Start importing Assets/Taki/Ramen using Guid(0382261830b4b564c8a8f5bf6049ad7b) Importer(815301076,1909f56bfc062723c751e8b465ee728b)  -> (artifact id: '16f76a75d118ca1a1d880dd9ffaf1e2d') in 0.008702 seconds 
  Import took 0.015844 seconds .

========================================================================
Received Import Request.
  Time since last request: 55.428438 seconds.
  path: Assets/Taki/Ramen/Ramen.prefab
  artifactKey: Guid(b419abf0241d1d942ba38a0fb6b29180) Importer(815301076,1909f56bfc062723c751e8b465ee728b)
Start importing Assets/Taki/Ramen/Ramen.prefab using Guid(b419abf0241d1d942ba38a0fb6b29180) Importer(815301076,1909f56bfc062723c751e8b465ee728b)  -> (artifact id: 'c7611a8e91e76af8a7651f5cc07411da') in 0.025596 seconds 
  Import took 0.030649 seconds .

========================================================================
Received Import Request.
  Time since last request: 6.344584 seconds.
  path: Packages/com.unity.collab-proxy/Editor/PlasticSCM/Assets/Images/step1.png
  artifactKey: Guid(9ce84ff0fdeb13d4a83f077d075dd9a5) Importer(815301076,1909f56bfc062723c751e8b465ee728b)
Start importing Packages/com.unity.collab-proxy/Editor/PlasticSCM/Assets/Images/step1.png using Guid(9ce84ff0fdeb13d4a83f077d075dd9a5) Importer(815301076,1909f56bfc062723c751e8b465ee728b)  -> (artifact id: '6b3b000b79ebf6c6bbbe657b790dffe6') in 0.042372 seconds 
  Import took 0.049097 seconds .

========================================================================
Received Import Request.
  Time since last request: 0.000490 seconds.
  path: Packages/com.unity.collab-proxy/Editor/PlasticSCM/Assets/Images/step1@2x.png
  artifactKey: Guid(affeade9874cf2347abb155e8d0db4d8) Importer(815301076,1909f56bfc062723c751e8b465ee728b)
Start importing Packages/com.unity.collab-proxy/Editor/PlasticSCM/Assets/Images/step1@2x.png using Guid(affeade9874cf2347abb155e8d0db4d8) Importer(815301076,1909f56bfc062723c751e8b465ee728b)  -> (artifact id: '3a81352c8f49eefb8fa487481a3dfb25') in 0.037916 seconds 
  Import took 0.043978 seconds .

========================================================================
Received Import Request.
  Time since last request: 1.525386 seconds.
  path: Packages/com.unity.collab-proxy/Editor/PlasticSCM/Assets/Images/iconconflictresolvedoverlay.png
  artifactKey: Guid(0a78c2b019ae1e5448f50d83adcfd965) Importer(815301076,1909f56bfc062723c751e8b465ee728b)
Start importing Packages/com.unity.collab-proxy/Editor/PlasticSCM/Assets/Images/iconconflictresolvedoverlay.png using Guid(0a78c2b019ae1e5448f50d83adcfd965) Importer(815301076,1909f56bfc062723c751e8b465ee728b)  -> (artifact id: '4158f054dd7745c7b91e8af50467c2d5') in 0.027865 seconds 
  Import took 0.033039 seconds .

========================================================================
Received Import Request.
  Time since last request: 0.000262 seconds.
  path: Packages/com.unity.collab-proxy/Editor/PlasticSCM/Assets/Images/iconconflictresolvedoverlay@2x.png
  artifactKey: Guid(309b1d5a294fd6c43ae9cf77656c1852) Importer(815301076,1909f56bfc062723c751e8b465ee728b)
Start importing Packages/com.unity.collab-proxy/Editor/PlasticSCM/Assets/Images/iconconflictresolvedoverlay@2x.png using Guid(309b1d5a294fd6c43ae9cf77656c1852) Importer(815301076,1909f56bfc062723c751e8b465ee728b)  -> (artifact id: 'd0551080b9cbf754915eb52fe5a4fb47') in 0.028088 seconds 
  Import took 0.032446 seconds .

========================================================================
Received Import Request.
  Time since last request: 0.000262 seconds.
  path: Packages/com.unity.collab-proxy/Editor/PlasticSCM/Assets/Images/icondeleted.png
  artifactKey: Guid(77a39e873655d3c4b93d0b7696397b83) Importer(815301076,1909f56bfc062723c751e8b465ee728b)
Start importing Packages/com.unity.collab-proxy/Editor/PlasticSCM/Assets/Images/icondeleted.png using Guid(77a39e873655d3c4b93d0b7696397b83) Importer(815301076,1909f56bfc062723c751e8b465ee728b)  -> (artifact id: '7c2413942e068079de26e8e730fca80e') in 0.030235 seconds 
  Import took 0.035793 seconds .

========================================================================
Received Import Request.
  Time since last request: 0.000470 seconds.
  path: Packages/com.unity.collab-proxy/Editor/PlasticSCM/Assets/Images/icondeletedlocaloverlay.png
  artifactKey: Guid(e251dfd24b5610d4d8ea65a237cc9d97) Importer(815301076,1909f56bfc062723c751e8b465ee728b)
Start importing Packages/com.unity.collab-proxy/Editor/PlasticSCM/Assets/Images/icondeletedlocaloverlay.png using Guid(e251dfd24b5610d4d8ea65a237cc9d97) Importer(815301076,1909f56bfc062723c751e8b465ee728b)  -> (artifact id: '757e73ed6631772e38c42d871339eb63') in 0.029950 seconds 
  Import took 0.035128 seconds .

========================================================================
Received Import Request.
  Time since last request: 0.125192 seconds.
  path: Packages/com.unity.collab-proxy/Editor/PlasticSCM/Assets/Images/iconcheckedoutlocaloverlay.png
  artifactKey: Guid(4bd47f86a00dd2b4b8ab20a11de165f6) Importer(815301076,1909f56bfc062723c751e8b465ee728b)
Start importing Packages/com.unity.collab-proxy/Editor/PlasticSCM/Assets/Images/iconcheckedoutlocaloverlay.png using Guid(4bd47f86a00dd2b4b8ab20a11de165f6) Importer(815301076,1909f56bfc062723c751e8b465ee728b)  -> (artifact id: 'c23c926496c331f96b578858161904a0') in 0.039903 seconds 
  Import took 0.051394 seconds .

========================================================================
Received Import Request.
  Time since last request: 0.000307 seconds.
  path: Packages/com.unity.collab-proxy/Editor/PlasticSCM/Assets/Images/iconcheckedoutlocaloverlay@2x.png
  artifactKey: Guid(3999034958d54364da380a8839a11050) Importer(815301076,1909f56bfc062723c751e8b465ee728b)
Start importing Packages/com.unity.collab-proxy/Editor/PlasticSCM/Assets/Images/iconcheckedoutlocaloverlay@2x.png using Guid(3999034958d54364da380a8839a11050) Importer(815301076,1909f56bfc062723c751e8b465ee728b)  -> (artifact id: 'bcd9ce1d91282fc472093680ff4d9dcf') in 0.029417 seconds 
  Import took 0.035541 seconds .

========================================================================
Received Import Request.
  Time since last request: 0.000245 seconds.
  path: Packages/com.unity.collab-proxy/Editor/PlasticSCM/Assets/Images/iconaddedlocal@2x.png
  artifactKey: Guid(a67b58d6cddcd4345b1e001340de5a76) Importer(815301076,1909f56bfc062723c751e8b465ee728b)
Start importing Packages/com.unity.collab-proxy/Editor/PlasticSCM/Assets/Images/iconaddedlocal@2x.png using Guid(a67b58d6cddcd4345b1e001340de5a76) Importer(815301076,1909f56bfc062723c751e8b465ee728b)  -> (artifact id: '4ff8e83f6d79c5f56e0ff34a3b6da46b') in 0.033748 seconds 
  Import took 0.038998 seconds .

========================================================================
Received Import Request.
  Time since last request: 0.000334 seconds.
  path: Packages/com.unity.2d.animation/Editor/Assets/SkinningModule/Icons/Selected/Generate_Weights@2x.png
  artifactKey: Guid(ba75d79a1a0723e488112808560789b7) Importer(815301076,1909f56bfc062723c751e8b465ee728b)
Start importing Packages/com.unity.2d.animation/Editor/Assets/SkinningModule/Icons/Selected/Generate_Weights@2x.png using Guid(ba75d79a1a0723e488112808560789b7) Importer(815301076,1909f56bfc062723c751e8b465ee728b)  -> (artifact id: '212dbc97f84e8ffae68976ac0e00d8eb') in 0.031083 seconds 
  Import took 0.035337 seconds .

========================================================================
Received Import Request.
  Time since last request: 0.000371 seconds.
  path: Packages/com.unity.collab-proxy/Editor/PlasticSCM/Assets/Images/iconaddedoverlay@2x.png
  artifactKey: Guid(74ef721fef79c44489d4e3edb0ab0c01) Importer(815301076,1909f56bfc062723c751e8b465ee728b)
Start importing Packages/com.unity.collab-proxy/Editor/PlasticSCM/Assets/Images/iconaddedoverlay@2x.png using Guid(74ef721fef79c44489d4e3edb0ab0c01) Importer(815301076,1909f56bfc062723c751e8b465ee728b)  -> (artifact id: '8a3011974b903ef278ee2a443029c5b0') in 0.031000 seconds 
  Import took 0.035411 seconds .

========================================================================
Received Import Request.
  Time since last request: 0.000295 seconds.
  path: Packages/com.unity.collab-proxy/Editor/PlasticSCM/Assets/Images/iconaddedoverlay.png
  artifactKey: Guid(5978a510e241e1a41b7ea0db0b64f333) Importer(815301076,1909f56bfc062723c751e8b465ee728b)
Start importing Packages/com.unity.collab-proxy/Editor/PlasticSCM/Assets/Images/iconaddedoverlay.png using Guid(5978a510e241e1a41b7ea0db0b64f333) Importer(815301076,1909f56bfc062723c751e8b465ee728b)  -> (artifact id: '4bad2d7eebe46f76ac3669c45be18873') in 0.025789 seconds 
  Import took 0.031436 seconds .

========================================================================
Received Import Request.
  Time since last request: 0.000300 seconds.
  path: Packages/com.unity.2d.animation/Editor/Assets/SkinningModule/Icons/Light/Generate_Weights@4x.png
  artifactKey: Guid(a56b84f780e8aef439e9a83d60ca7420) Importer(815301076,1909f56bfc062723c751e8b465ee728b)
Start importing Packages/com.unity.2d.animation/Editor/Assets/SkinningModule/Icons/Light/Generate_Weights@4x.png using Guid(a56b84f780e8aef439e9a83d60ca7420) Importer(815301076,1909f56bfc062723c751e8b465ee728b)  -> (artifact id: '84ea1e5671cde7dabde86f1e26f95e16') in 0.031521 seconds 
  Import took 0.036630 seconds .

========================================================================
Received Import Request.
  Time since last request: 0.000255 seconds.
  path: Packages/com.unity.2d.animation/Editor/Assets/SkinningModule/Icons/Light/Generate_Weights@3x.png
  artifactKey: Guid(ed5ce024c84dbdb42ac5037d03e7c039) Importer(815301076,1909f56bfc062723c751e8b465ee728b)
Start importing Packages/com.unity.2d.animation/Editor/Assets/SkinningModule/Icons/Light/Generate_Weights@3x.png using Guid(ed5ce024c84dbdb42ac5037d03e7c039) Importer(815301076,1909f56bfc062723c751e8b465ee728b)  -> (artifact id: '703c8e7fa4c28587eb63c824da9737b0') in 0.026711 seconds 
  Import took 0.030993 seconds .

========================================================================
Received Import Request.
  Time since last request: 0.000235 seconds.
  path: Packages/com.unity.collab-proxy/Editor/PlasticSCM/Assets/Images/iconadded.png
  artifactKey: Guid(1196e728cbc6c25429f25431acabb4d1) Importer(815301076,1909f56bfc062723c751e8b465ee728b)
Start importing Packages/com.unity.collab-proxy/Editor/PlasticSCM/Assets/Images/iconadded.png using Guid(1196e728cbc6c25429f25431acabb4d1) Importer(815301076,1909f56bfc062723c751e8b465ee728b)  -> (artifact id: '185f156247f86fadba7f7d2c8fc085f2') in 0.025914 seconds 
  Import took 0.030308 seconds .

========================================================================
Received Import Request.
  Time since last request: 0.000301 seconds.
  path: Packages/com.unity.collab-proxy/Editor/PlasticSCM/Assets/Images/iconaddedlocal.png
  artifactKey: Guid(9a1ab8af8c446204e989a90f18305caf) Importer(815301076,1909f56bfc062723c751e8b465ee728b)
Start importing Packages/com.unity.collab-proxy/Editor/PlasticSCM/Assets/Images/iconaddedlocal.png using Guid(9a1ab8af8c446204e989a90f18305caf) Importer(815301076,1909f56bfc062723c751e8b465ee728b)  -> (artifact id: '650f779a5f05e5b3ff19b2be5bd283a7') in 0.028442 seconds 
  Import took 0.032611 seconds .

========================================================================
Received Import Request.
  Time since last request: 0.000380 seconds.
  path: Packages/com.unity.collab-proxy/Editor/PlasticSCM/Assets/Images/iconclosebutton.png
  artifactKey: Guid(13527793884104b46b7446fd7464c3ed) Importer(815301076,1909f56bfc062723c751e8b465ee728b)
Start importing Packages/com.unity.collab-proxy/Editor/PlasticSCM/Assets/Images/iconclosebutton.png using Guid(13527793884104b46b7446fd7464c3ed) Importer(815301076,1909f56bfc062723c751e8b465ee728b)  -> (artifact id: '2f5ffc3d1e0097fc4b7cccf09e74125d') in 0.028226 seconds 
  Import took 0.033055 seconds .

========================================================================
Received Import Request.
  Time since last request: 0.000527 seconds.
  path: Packages/com.unity.2d.animation/Editor/Assets/SkinningModule/Icons/Selected/Generate_Weights@4x.png
  artifactKey: Guid(ea292d445b1c4cb48897511cd9453f1c) Importer(815301076,1909f56bfc062723c751e8b465ee728b)
Start importing Packages/com.unity.2d.animation/Editor/Assets/SkinningModule/Icons/Selected/Generate_Weights@4x.png using Guid(ea292d445b1c4cb48897511cd9453f1c) Importer(815301076,1909f56bfc062723c751e8b465ee728b)  -> (artifact id: '89aac5031eef5ae0f94f3067b285ab71') in 0.026869 seconds 
  Import took 0.032480 seconds .

========================================================================
Received Import Request.
  Time since last request: 0.000367 seconds.
  path: Packages/com.unity.collab-proxy/Editor/PlasticSCM/Assets/Images/iconchanged.png
  artifactKey: Guid(6719b9ff26333564181b5328d934035c) Importer(815301076,1909f56bfc062723c751e8b465ee728b)
Start importing Packages/com.unity.collab-proxy/Editor/PlasticSCM/Assets/Images/iconchanged.png using Guid(6719b9ff26333564181b5328d934035c) Importer(815301076,1909f56bfc062723c751e8b465ee728b)  -> (artifact id: '121cfb125fc99e85607ac275428ce8b1') in 0.027166 seconds 
  Import took 0.032959 seconds .

========================================================================
Received Import Request.
  Time since last request: 0.000291 seconds.
  path: Packages/com.unity.2d.animation/Editor/Assets/SkinningModule/Icons/Selected/Generate_Weights@3x.png
  artifactKey: Guid(8174b068fa7b788459b03cec80d0641a) Importer(815301076,1909f56bfc062723c751e8b465ee728b)
Start importing Packages/com.unity.2d.animation/Editor/Assets/SkinningModule/Icons/Selected/Generate_Weights@3x.png using Guid(8174b068fa7b788459b03cec80d0641a) Importer(815301076,1909f56bfc062723c751e8b465ee728b)  -> (artifact id: '02ef737858dc04334650c965375253c9') in 0.024867 seconds 
  Import took 0.029666 seconds .

========================================================================
Received Import Request.
  Time since last request: 0.000262 seconds.
  path: Packages/com.unity.2d.animation/Editor/Assets/SkinningModule/Icons/Light/Generate_Weights@2x.png
  artifactKey: Guid(ef3672bed7321e34da872e8c2e205209) Importer(815301076,1909f56bfc062723c751e8b465ee728b)
Start importing Packages/com.unity.2d.animation/Editor/Assets/SkinningModule/Icons/Light/Generate_Weights@2x.png using Guid(ef3672bed7321e34da872e8c2e205209) Importer(815301076,1909f56bfc062723c751e8b465ee728b)  -> (artifact id: '09f96478b725a7e78aced9474518fd8b') in 0.029741 seconds 
  Import took 0.034748 seconds .

========================================================================
Received Import Request.
  Time since last request: 0.000241 seconds.
  path: Packages/com.unity.2d.animation/Editor/Assets/SkinningModule/Icons/Selected/Generate_Weights.png
  artifactKey: Guid(2892d6ec6ca2a1f45adbd52fdb96fcfe) Importer(815301076,1909f56bfc062723c751e8b465ee728b)
Start importing Packages/com.unity.2d.animation/Editor/Assets/SkinningModule/Icons/Selected/Generate_Weights.png using Guid(2892d6ec6ca2a1f45adbd52fdb96fcfe) Importer(815301076,1909f56bfc062723c751e8b465ee728b)  -> (artifact id: 'd31dedfc857b4b4c904b6d370d55403c') in 0.031320 seconds 
  Import took 0.036812 seconds .

========================================================================
Received Import Request.
  Time since last request: 0.000340 seconds.
  path: Packages/com.unity.collab-proxy/Editor/PlasticSCM/Assets/Images/iconconflicted.png
  artifactKey: Guid(d1c88f142eee55b4eb2b2cfd7b3624ce) Importer(815301076,1909f56bfc062723c751e8b465ee728b)
Start importing Packages/com.unity.collab-proxy/Editor/PlasticSCM/Assets/Images/iconconflicted.png using Guid(d1c88f142eee55b4eb2b2cfd7b3624ce) Importer(815301076,1909f56bfc062723c751e8b465ee728b)  -> (artifact id: 'deeed3c51d9598597c0d714329a8f471') in 0.059207 seconds 
  Import took 0.083474 seconds .

========================================================================
Received Import Request.
  Time since last request: 0.000282 seconds.
  path: Packages/com.unity.collab-proxy/Editor/PlasticSCM/Assets/Images/iconconflicted@2x.png
  artifactKey: Guid(f95f697d66d238446b1ab717def09945) Importer(815301076,1909f56bfc062723c751e8b465ee728b)
Start importing Packages/com.unity.collab-proxy/Editor/PlasticSCM/Assets/Images/iconconflicted@2x.png using Guid(f95f697d66d238446b1ab717def09945) Importer(815301076,1909f56bfc062723c751e8b465ee728b)  -> (artifact id: '9b4550524af0097e864a7d300ee8b7e5') in 0.047752 seconds 
  Import took 0.051976 seconds .

========================================================================
Received Import Request.
  Time since last request: 16.160472 seconds.
  path: Assets/Taki/My Image/Ramen.png
  artifactKey: Guid(47000833f210fab48848c610bcbed58e) Importer(815301076,1909f56bfc062723c751e8b465ee728b)
Start importing Assets/Taki/My Image/Ramen.png using Guid(47000833f210fab48848c610bcbed58e) Importer(815301076,1909f56bfc062723c751e8b465ee728b)  -> (artifact id: 'cae7fe89d137237c487b24ddd1556b6e') in 0.026496 seconds 
  Import took 0.031324 seconds .

========================================================================
Received Import Request.
  Time since last request: 18.479252 seconds.
  path: Assets/Taki/My Image/Ramen disa.png
  artifactKey: Guid(276e48e80f786214aa91f0b1c01e0293) Importer(815301076,1909f56bfc062723c751e8b465ee728b)
Start importing Assets/Taki/My Image/Ramen disa.png using Guid(276e48e80f786214aa91f0b1c01e0293) Importer(815301076,1909f56bfc062723c751e8b465ee728b)  -> (artifact id: '98543230c6e4cfade1bb5c49933e61a2') in 0.023931 seconds 
  Import took 0.030311 seconds .

========================================================================
Received Import Request.
  Time since last request: 30.495254 seconds.
  path: Assets/Taki/Ramen/Ramen.prefab
  artifactKey: Guid(b419abf0241d1d942ba38a0fb6b29180) Importer(815301076,1909f56bfc062723c751e8b465ee728b)
Start importing Assets/Taki/Ramen/Ramen.prefab using Guid(b419abf0241d1d942ba38a0fb6b29180) Importer(815301076,1909f56bfc062723c751e8b465ee728b)  -> (artifact id: '5b2790297cb52c8b0d8022676b8fb7d2') in 0.006456 seconds 
  Import took 0.011191 seconds .

========================================================================
Received Import Request.
  Time since last request: 2184.054835 seconds.
  path: Assets/Taki/Ramen/Ramen.prefab
  artifactKey: Guid(b419abf0241d1d942ba38a0fb6b29180) Importer(815301076,1909f56bfc062723c751e8b465ee728b)
Start importing Assets/Taki/Ramen/Ramen.prefab using Guid(b419abf0241d1d942ba38a0fb6b29180) Importer(815301076,1909f56bfc062723c751e8b465ee728b)  -> (artifact id: '2195be280a760cc552c7e98c05bf2016') in 0.016083 seconds 
  Import took 0.024316 seconds .

========================================================================
Received Import Request.
  Time since last request: 2.792395 seconds.
  path: Assets/Taki/Ramen/Ramen.prefab
  artifactKey: Guid(b419abf0241d1d942ba38a0fb6b29180) Importer(815301076,1909f56bfc062723c751e8b465ee728b)
Start importing Assets/Taki/Ramen/Ramen.prefab using Guid(b419abf0241d1d942ba38a0fb6b29180) Importer(815301076,1909f56bfc062723c751e8b465ee728b)  -> (artifact id: 'e2f379036f630ad6d57c7408e08f5d6b') in 0.008294 seconds 
  Import took 0.014084 seconds .

========================================================================
Received Import Request.
  Time since last request: 57.130281 seconds.
  path: Assets/Taki/Ramen/Ramen Disa.prefab
  artifactKey: Guid(e39419c6a6906cb4fbc195a2e2c01328) Importer(815301076,1909f56bfc062723c751e8b465ee728b)
Start importing Assets/Taki/Ramen/Ramen Disa.prefab using Guid(e39419c6a6906cb4fbc195a2e2c01328) Importer(815301076,1909f56bfc062723c751e8b465ee728b)  -> (artifact id: 'b82972703751e1b6e2f1ab58a5fa4241') in 0.012103 seconds 
  Import took 0.018298 seconds .

========================================================================
Received Import Request.
  Time since last request: 21.911281 seconds.
  path: Assets/Taki/Ramen/Ramen.prefab
  artifactKey: Guid(b419abf0241d1d942ba38a0fb6b29180) Importer(815301076,1909f56bfc062723c751e8b465ee728b)
Start importing Assets/Taki/Ramen/Ramen.prefab using Guid(b419abf0241d1d942ba38a0fb6b29180) Importer(815301076,1909f56bfc062723c751e8b465ee728b)  -> (artifact id: '0693c9e491f6a00d8afeb505879f9827') in 0.007462 seconds 
  Import took 0.012825 seconds .

========================================================================
Received Import Request.
  Time since last request: 234.378294 seconds.
  path: Assets/Taki/Ramen/Ramen Wash.prefab
  artifactKey: Guid(f3c089c6c14233e479dd8fd908d27b92) Importer(815301076,1909f56bfc062723c751e8b465ee728b)
Start importing Assets/Taki/Ramen/Ramen Wash.prefab using Guid(f3c089c6c14233e479dd8fd908d27b92) Importer(815301076,1909f56bfc062723c751e8b465ee728b)  -> (artifact id: 'f22acd142f204ebbcce9c1d31b9de2ac') in 0.039696 seconds 
  Import took 0.056429 seconds .

========================================================================
Received Import Request.
  Time since last request: 3.629527 seconds.
  path: Assets/Taki/Ramen/Ramen DisaAndWash.prefab
  artifactKey: Guid(c19560b50dcd32f40b35baae9fd085d9) Importer(815301076,1909f56bfc062723c751e8b465ee728b)
Start importing Assets/Taki/Ramen/Ramen DisaAndWash.prefab using Guid(c19560b50dcd32f40b35baae9fd085d9) Importer(815301076,1909f56bfc062723c751e8b465ee728b)  -> (artifact id: '33769fa8d7c49c25c359ba912b8e8ee2') in 0.013122 seconds 
  Import took 0.018219 seconds .

========================================================================
Received Import Request.
  Time since last request: 594.510844 seconds.
  path: Assets/Taki/Ramen/Ramen.prefab
  artifactKey: Guid(b419abf0241d1d942ba38a0fb6b29180) Importer(815301076,1909f56bfc062723c751e8b465ee728b)
Start importing Assets/Taki/Ramen/Ramen.prefab using Guid(b419abf0241d1d942ba38a0fb6b29180) Importer(815301076,1909f56bfc062723c751e8b465ee728b)  -> (artifact id: '6651254b61ca67497ca53c958702fc8a') in 0.008289 seconds 
  Import took 0.015928 seconds .

========================================================================
Received Import Request.
  Time since last request: 249.886423 seconds.
  path: Assets/Taki/Ramen/Ramen.prefab
  artifactKey: Guid(b419abf0241d1d942ba38a0fb6b29180) Importer(815301076,1909f56bfc062723c751e8b465ee728b)
Start importing Assets/Taki/Ramen/Ramen.prefab using Guid(b419abf0241d1d942ba38a0fb6b29180) Importer(815301076,1909f56bfc062723c751e8b465ee728b)  -> (artifact id: '84d386b4d8ad6c745cbb49637a0aa732') in 0.008848 seconds 
  Import took 0.013902 seconds .

========================================================================
Received Import Request.
  Time since last request: 2.767726 seconds.
  path: Assets/Taki/Ramen/Ramen Disa.prefab
  artifactKey: Guid(e39419c6a6906cb4fbc195a2e2c01328) Importer(815301076,1909f56bfc062723c751e8b465ee728b)
Start importing Assets/Taki/Ramen/Ramen Disa.prefab using Guid(e39419c6a6906cb4fbc195a2e2c01328) Importer(815301076,1909f56bfc062723c751e8b465ee728b)  -> (artifact id: 'aeede3ae9baeb9537616ee033372b296') in 0.008575 seconds 
  Import took 0.013451 seconds .

========================================================================
Received Import Request.
  Time since last request: 30.013887 seconds.
  path: Assets/Taki/Ramen/Ramen Disa.prefab
  artifactKey: Guid(e39419c6a6906cb4fbc195a2e2c01328) Importer(815301076,1909f56bfc062723c751e8b465ee728b)
Start importing Assets/Taki/Ramen/Ramen Disa.prefab using Guid(e39419c6a6906cb4fbc195a2e2c01328) Importer(815301076,1909f56bfc062723c751e8b465ee728b)  -> (artifact id: '0f19f35182c1206af3ec2e3cbc73ed03') in 0.008015 seconds 
  Import took 0.013991 seconds .

========================================================================
Received Import Request.
  Time since last request: 13.163960 seconds.
  path: Assets/Taki/Ramen/Ramen Disa.prefab
  artifactKey: Guid(e39419c6a6906cb4fbc195a2e2c01328) Importer(815301076,1909f56bfc062723c751e8b465ee728b)
Start importing Assets/Taki/Ramen/Ramen Disa.prefab using Guid(e39419c6a6906cb4fbc195a2e2c01328) Importer(815301076,1909f56bfc062723c751e8b465ee728b)  -> (artifact id: '87a9276d37b68926e7083630c24843a3') in 0.006821 seconds 
  Import took 0.012011 seconds .

========================================================================
Received Import Request.
  Time since last request: 31.593008 seconds.
  path: Assets/Taki/Ramen/Ramen Disa.prefab
  artifactKey: Guid(e39419c6a6906cb4fbc195a2e2c01328) Importer(815301076,1909f56bfc062723c751e8b465ee728b)
Start importing Assets/Taki/Ramen/Ramen Disa.prefab using Guid(e39419c6a6906cb4fbc195a2e2c01328) Importer(815301076,1909f56bfc062723c751e8b465ee728b)  -> (artifact id: 'cd04d0435183f8d03433b92d65e083d6') in 0.006067 seconds 
  Import took 0.011069 seconds .

========================================================================
Received Import Request.
  Time since last request: 38.610261 seconds.
  path: Assets/Taki/Ramen/Ramen Disa.prefab
  artifactKey: Guid(e39419c6a6906cb4fbc195a2e2c01328) Importer(815301076,1909f56bfc062723c751e8b465ee728b)
Start importing Assets/Taki/Ramen/Ramen Disa.prefab using Guid(e39419c6a6906cb4fbc195a2e2c01328) Importer(815301076,1909f56bfc062723c751e8b465ee728b)  -> (artifact id: '789d3833cd79d873d41ed07fc79bcdef') in 0.007447 seconds 
  Import took 0.012857 seconds .

========================================================================
Received Import Request.
  Time since last request: 245.478914 seconds.
  path: Assets/Taki/Ramen/Ramen DisaAndWash.prefab
  artifactKey: Guid(c19560b50dcd32f40b35baae9fd085d9) Importer(815301076,1909f56bfc062723c751e8b465ee728b)
Start importing Assets/Taki/Ramen/Ramen DisaAndWash.prefab using Guid(c19560b50dcd32f40b35baae9fd085d9) Importer(815301076,1909f56bfc062723c751e8b465ee728b)  -> (artifact id: '4570c6efb040dc89ad6f8e8aa43a12b5') in 0.006704 seconds 
  Import took 0.014129 seconds .

========================================================================
Received Import Request.
  Time since last request: 515.845338 seconds.
  path: Assets/Taki/Ramen/Ramen DisaAndWash.prefab
  artifactKey: Guid(c19560b50dcd32f40b35baae9fd085d9) Importer(815301076,1909f56bfc062723c751e8b465ee728b)
Start importing Assets/Taki/Ramen/Ramen DisaAndWash.prefab using Guid(c19560b50dcd32f40b35baae9fd085d9) Importer(815301076,1909f56bfc062723c751e8b465ee728b)  -> (artifact id: '7ea6e349dd844cbc4f4d4cfb7dd74268') in 0.008317 seconds 
  Import took 0.015672 seconds .

========================================================================
Received Import Request.
  Time since last request: 1.679320 seconds.
  path: Assets/Taki/Ramen/Ramen DisaAndWash.prefab
  artifactKey: Guid(c19560b50dcd32f40b35baae9fd085d9) Importer(815301076,1909f56bfc062723c751e8b465ee728b)
Start importing Assets/Taki/Ramen/Ramen DisaAndWash.prefab using Guid(c19560b50dcd32f40b35baae9fd085d9) Importer(815301076,1909f56bfc062723c751e8b465ee728b)  -> (artifact id: 'd8f276daf841e8e50f8ae233a302eaf1') in 0.008615 seconds 
  Import took 0.014190 seconds .

========================================================================
Received Import Request.
  Time since last request: 6.338858 seconds.
  path: Assets/Taki/Ramen/Ramen DisaAndWash.prefab
  artifactKey: Guid(c19560b50dcd32f40b35baae9fd085d9) Importer(815301076,1909f56bfc062723c751e8b465ee728b)
Start importing Assets/Taki/Ramen/Ramen DisaAndWash.prefab using Guid(c19560b50dcd32f40b35baae9fd085d9) Importer(815301076,1909f56bfc062723c751e8b465ee728b)  -> (artifact id: '2ff9dd3afb2825e5ddd4dbdf596fdeb1') in 0.006017 seconds 
  Import took 0.011583 seconds .

========================================================================
Received Import Request.
  Time since last request: 35.250477 seconds.
  path: Assets/Taki/Ramen/Ramen DisaAndWash.prefab
  artifactKey: Guid(c19560b50dcd32f40b35baae9fd085d9) Importer(815301076,1909f56bfc062723c751e8b465ee728b)
Start importing Assets/Taki/Ramen/Ramen DisaAndWash.prefab using Guid(c19560b50dcd32f40b35baae9fd085d9) Importer(815301076,1909f56bfc062723c751e8b465ee728b)  -> (artifact id: '82b82c20f7809db0ade27d5faaa67781') in 0.005618 seconds 
  Import took 0.010904 seconds .

========================================================================
Received Import Request.
  Time since last request: 23.488806 seconds.
  path: Assets/Taki/Ramen/Ramen.prefab
  artifactKey: Guid(b419abf0241d1d942ba38a0fb6b29180) Importer(815301076,1909f56bfc062723c751e8b465ee728b)
Start importing Assets/Taki/Ramen/Ramen.prefab using Guid(b419abf0241d1d942ba38a0fb6b29180) Importer(815301076,1909f56bfc062723c751e8b465ee728b)  -> (artifact id: 'e6dbd694276bb6c3be5d7b674b133f88') in 0.008177 seconds 
  Import took 0.014040 seconds .

========================================================================
Received Import Request.
  Time since last request: 2.084609 seconds.
  path: Assets/Taki/Ramen/Ramen.prefab
  artifactKey: Guid(b419abf0241d1d942ba38a0fb6b29180) Importer(815301076,1909f56bfc062723c751e8b465ee728b)
Start importing Assets/Taki/Ramen/Ramen.prefab using Guid(b419abf0241d1d942ba38a0fb6b29180) Importer(815301076,1909f56bfc062723c751e8b465ee728b)  -> (artifact id: '08d894a67adfbca74003d62fd811dbc2') in 0.007062 seconds 
  Import took 0.012532 seconds .

========================================================================
Received Import Request.
  Time since last request: 2.512994 seconds.
  path: Assets/Taki/Ramen/Ramen.prefab
  artifactKey: Guid(b419abf0241d1d942ba38a0fb6b29180) Importer(815301076,1909f56bfc062723c751e8b465ee728b)
Start importing Assets/Taki/Ramen/Ramen.prefab using Guid(b419abf0241d1d942ba38a0fb6b29180) Importer(815301076,1909f56bfc062723c751e8b465ee728b)  -> (artifact id: 'a01b107917d641367af62995fe0cdd3c') in 0.007416 seconds 
  Import took 0.012734 seconds .

========================================================================
Received Import Request.
  Time since last request: 2.086668 seconds.
  path: Assets/Taki/Ramen/Ramen.prefab
  artifactKey: Guid(b419abf0241d1d942ba38a0fb6b29180) Importer(815301076,1909f56bfc062723c751e8b465ee728b)
Start importing Assets/Taki/Ramen/Ramen.prefab using Guid(b419abf0241d1d942ba38a0fb6b29180) Importer(815301076,1909f56bfc062723c751e8b465ee728b)  -> (artifact id: '2743f6cdbeb191af0f16c23e5e531875') in 0.007236 seconds 
  Import took 0.012526 seconds .

========================================================================
Received Import Request.
  Time since last request: 14.425962 seconds.
  path: Assets/Taki/Ramen/Ramen Disa.prefab
  artifactKey: Guid(e39419c6a6906cb4fbc195a2e2c01328) Importer(815301076,1909f56bfc062723c751e8b465ee728b)
Start importing Assets/Taki/Ramen/Ramen Disa.prefab using Guid(e39419c6a6906cb4fbc195a2e2c01328) Importer(815301076,1909f56bfc062723c751e8b465ee728b)  -> (artifact id: 'e8178d3351e11005d59992be276a715d') in 0.006785 seconds 
  Import took 0.012757 seconds .

AssetImportWorkerClient::OnTransportError - code=2 error=End of file
